Started GET "/" for 127.0.0.1 at 2017-10-17 18:08:32 +0200
Processing by Rails::WelcomeController#index as HTML
  Rendering /home/guillem/.rvm/gems/ruby-2.4.1/gems/railties-5.1.4/lib/rails/templates/rails/welcome/index.html.erb
  Rendered /home/guillem/.rvm/gems/ruby-2.4.1/gems/railties-5.1.4/lib/rails/templates/rails/welcome/index.html.erb (2.2ms)
Completed 200 OK in 106ms (Views: 5.3ms)


Started GET "/about" for 127.0.0.1 at 2017-10-17 19:19:57 +0200
Processing by PagesController#about as HTML
Completed 500 Internal Server Error in 96ms


  
NoMethodError (undefined method `raise_in_transactional_callbacks=' for ActiveRecord::Base:Class):
  
activerecord (5.1.4) lib/active_record/dynamic_matchers.rb:22:in `method_missing'
activerecord (5.1.4) lib/active_record/railtie.rb:112:in `block (3 levels) in <class:Railtie>'
activerecord (5.1.4) lib/active_record/railtie.rb:111:in `each'
activerecord (5.1.4) lib/active_record/railtie.rb:111:in `block (2 levels) in <class:Railtie>'
activesupport (5.1.4) lib/active_support/lazy_load_hooks.rb:69:in `instance_eval'
activesupport (5.1.4) lib/active_support/lazy_load_hooks.rb:69:in `block in execute_hook'
activesupport (5.1.4) lib/active_support/lazy_load_hooks.rb:60:in `with_execution_control'
activesupport (5.1.4) lib/active_support/lazy_load_hooks.rb:65:in `execute_hook'
activesupport (5.1.4) lib/active_support/lazy_load_hooks.rb:50:in `block in run_load_hooks'
activesupport (5.1.4) lib/active_support/lazy_load_hooks.rb:49:in `each'
activesupport (5.1.4) lib/active_support/lazy_load_hooks.rb:49:in `run_load_hooks'
activerecord (5.1.4) lib/active_record/base.rb:326:in `<module:ActiveRecord>'
activerecord (5.1.4) lib/active_record/base.rb:25:in `<top (required)>'
activesupport (5.1.4) lib/active_support/dependencies.rb:292:in `require'
activesupport (5.1.4) lib/active_support/dependencies.rb:292:in `block in require'
activesupport (5.1.4) lib/active_support/dependencies.rb:258:in `load_dependency'
activesupport (5.1.4) lib/active_support/dependencies.rb:292:in `require'
activerecord (5.1.4) lib/active_record/railties/controller_runtime.rb:40:in `append_info_to_payload'
actionpack (5.1.4) lib/action_controller/metal/instrumentation.rb:36:in `ensure in block in process_action'
actionpack (5.1.4) lib/action_controller/metal/instrumentation.rb:36:in `block in process_action'
activesupport (5.1.4) lib/active_support/notifications.rb:166:in `block in instrument'
activesupport (5.1.4) lib/active_support/notifications/instrumenter.rb:21:in `instrument'
activesupport (5.1.4) lib/active_support/notifications.rb:166:in `instrument'
actionpack (5.1.4) lib/action_controller/metal/instrumentation.rb:30:in `process_action'
actionpack (5.1.4) lib/action_controller/metal/params_wrapper.rb:252:in `process_action'
activerecord (5.1.4) lib/active_record/railties/controller_runtime.rb:22:in `process_action'
actionpack (5.1.4) lib/abstract_controller/base.rb:124:in `process'
actionview (5.1.4) lib/action_view/rendering.rb:30:in `process'
actionpack (5.1.4) lib/action_controller/metal.rb:189:in `dispatch'
actionpack (5.1.4) lib/action_controller/metal.rb:253:in `dispatch'
actionpack (5.1.4) lib/action_dispatch/routing/route_set.rb:49:in `dispatch'
actionpack (5.1.4) lib/action_dispatch/routing/route_set.rb:31:in `serve'
actionpack (5.1.4) lib/action_dispatch/journey/router.rb:50:in `block in serve'
actionpack (5.1.4) lib/action_dispatch/journey/router.rb:33:in `each'
actionpack (5.1.4) lib/action_dispatch/journey/router.rb:33:in `serve'
actionpack (5.1.4) lib/action_dispatch/routing/route_set.rb:834:in `call'
rack (2.0.3) lib/rack/etag.rb:25:in `call'
rack (2.0.3) lib/rack/conditional_get.rb:25:in `call'
rack (2.0.3) lib/rack/head.rb:12:in `call'
rack (2.0.3) lib/rack/session/abstract/id.rb:232:in `context'
rack (2.0.3) lib/rack/session/abstract/id.rb:226:in `call'
actionpack (5.1.4) lib/action_dispatch/middleware/cookies.rb:613:in `call'
activerecord (5.1.4) lib/active_record/migration.rb:556:in `call'
actionpack (5.1.4) lib/action_dispatch/middleware/callbacks.rb:26:in `block in call'
activesupport (5.1.4) lib/active_support/callbacks.rb:97:in `run_callbacks'
actionpack (5.1.4) lib/action_dispatch/middleware/callbacks.rb:24:in `call'
actionpack (5.1.4) lib/action_dispatch/middleware/executor.rb:12:in `call'
actionpack (5.1.4) lib/action_dispatch/middleware/debug_exceptions.rb:59:in `call'
web-console (3.5.1) lib/web_console/middleware.rb:135:in `call_app'
web-console (3.5.1) lib/web_console/middleware.rb:28:in `block in call'
web-console (3.5.1) lib/web_console/middleware.rb:18:in `catch'
web-console (3.5.1) lib/web_console/middleware.rb:18:in `call'
actionpack (5.1.4) lib/action_dispatch/middleware/show_exceptions.rb:31:in `call'
railties (5.1.4) lib/rails/rack/logger.rb:36:in `call_app'
railties (5.1.4) lib/rails/rack/logger.rb:24:in `block in call'
activesupport (5.1.4) lib/active_support/tagged_logging.rb:69:in `block in tagged'
activesupport (5.1.4) lib/active_support/tagged_logging.rb:26:in `tagged'
activesupport (5.1.4) lib/active_support/tagged_logging.rb:69:in `tagged'
railties (5.1.4) lib/rails/rack/logger.rb:24:in `call'
actionpack (5.1.4) lib/action_dispatch/middleware/remote_ip.rb:79:in `call'
actionpack (5.1.4) lib/action_dispatch/middleware/request_id.rb:25:in `call'
rack (2.0.3) lib/rack/method_override.rb:22:in `call'
rack (2.0.3) lib/rack/runtime.rb:22:in `call'
activesupport (5.1.4) lib/active_support/cache/strategy/local_cache_middleware.rb:27:in `call'
actionpack (5.1.4) lib/action_dispatch/middleware/executor.rb:12:in `call'
actionpack (5.1.4) lib/action_dispatch/middleware/static.rb:125:in `call'
rack (2.0.3) lib/rack/sendfile.rb:111:in `call'
railties (5.1.4) lib/rails/engine.rb:522:in `call'
puma (3.10.0) lib/puma/configuration.rb:225:in `call'
puma (3.10.0) lib/puma/server.rb:605:in `handle_request'
puma (3.10.0) lib/puma/server.rb:437:in `process_client'
puma (3.10.0) lib/puma/server.rb:301:in `block in run'
puma (3.10.0) lib/puma/thread_pool.rb:120:in `block in spawn_thread'
Started GET "/about" for 127.0.0.1 at 2017-10-17 19:20:42 +0200
Processing by PagesController#about as HTML
  Rendering pages/about.html.erb within layouts/application
  Rendered pages/partials/_content.html.erb (0.2ms)
  Rendered pages/about.html.erb within layouts/application (2.1ms)
Completed 500 Internal Server Error in 199ms


  
ActionView::Template::Error (couldn't find file 'jquery' with type 'application/javascript'
Checked in these paths: 
  /var/www/html/The_Full_Stack_Web_Develoment/12_Ruby_On_Rails/12.3_Views_and_partials/app/assets/config
  /var/www/html/The_Full_Stack_Web_Develoment/12_Ruby_On_Rails/12.3_Views_and_partials/app/assets/images
  /var/www/html/The_Full_Stack_Web_Develoment/12_Ruby_On_Rails/12.3_Views_and_partials/app/assets/javascripts
  /var/www/html/The_Full_Stack_Web_Develoment/12_Ruby_On_Rails/12.3_Views_and_partials/app/assets/stylesheets
  /home/guillem/.rvm/gems/ruby-2.4.1/gems/coffee-rails-4.2.2/lib/assets/javascripts
  /home/guillem/.rvm/gems/ruby-2.4.1/gems/actioncable-5.1.4/lib/assets/compiled
  /home/guillem/.rvm/gems/ruby-2.4.1/gems/actionview-5.1.4/lib/assets/compiled
  /home/guillem/.rvm/gems/ruby-2.4.1/gems/turbolinks-source-5.0.3/lib/assets/javascripts
  /var/www/html/The_Full_Stack_Web_Develoment/12_Ruby_On_Rails/12.3_Views_and_partials/node_modules):
    2: <html>
    3: <head>
    4:   <title>Railsapp</title>
    5:   <%= stylesheet_link_tag    'application', media: 'all', 'data-turbolinks-track' => true %>
    6:   <%= stylesheet_link_tag 'https://maxcdn.bootstrapcdn.com/bootstrap/3.3.7/css/bootstrap.min.css' %>
    7:   <%= javascript_include_tag 'application', 'data-turbolinks-track' => true %>
    8:   <%= csrf_meta_tags %>
  
app/assets/javascripts/application.js:13
app/views/layouts/application.html.erb:5:in `_app_views_layouts_application_html_erb__4303183837615732343_37285000'
Started GET "/" for 127.0.0.1 at 2017-10-17 19:20:44 +0200
Processing by PagesController#index as HTML
  Rendering pages/index.html.erb within layouts/application
  Rendered pages/partials/_content.html.erb (0.2ms)
  Rendered pages/index.html.erb within layouts/application (0.8ms)
Completed 500 Internal Server Error in 8ms


  
ActionView::Template::Error (couldn't find file 'jquery' with type 'application/javascript'
Checked in these paths: 
  /var/www/html/The_Full_Stack_Web_Develoment/12_Ruby_On_Rails/12.3_Views_and_partials/app/assets/config
  /var/www/html/The_Full_Stack_Web_Develoment/12_Ruby_On_Rails/12.3_Views_and_partials/app/assets/images
  /var/www/html/The_Full_Stack_Web_Develoment/12_Ruby_On_Rails/12.3_Views_and_partials/app/assets/javascripts
  /var/www/html/The_Full_Stack_Web_Develoment/12_Ruby_On_Rails/12.3_Views_and_partials/app/assets/stylesheets
  /home/guillem/.rvm/gems/ruby-2.4.1/gems/coffee-rails-4.2.2/lib/assets/javascripts
  /home/guillem/.rvm/gems/ruby-2.4.1/gems/actioncable-5.1.4/lib/assets/compiled
  /home/guillem/.rvm/gems/ruby-2.4.1/gems/actionview-5.1.4/lib/assets/compiled
  /home/guillem/.rvm/gems/ruby-2.4.1/gems/turbolinks-source-5.0.3/lib/assets/javascripts
  /var/www/html/The_Full_Stack_Web_Develoment/12_Ruby_On_Rails/12.3_Views_and_partials/node_modules):
    2: <html>
    3: <head>
    4:   <title>Railsapp</title>
    5:   <%= stylesheet_link_tag    'application', media: 'all', 'data-turbolinks-track' => true %>
    6:   <%= stylesheet_link_tag 'https://maxcdn.bootstrapcdn.com/bootstrap/3.3.7/css/bootstrap.min.css' %>
    7:   <%= javascript_include_tag 'application', 'data-turbolinks-track' => true %>
    8:   <%= csrf_meta_tags %>
  
app/assets/javascripts/application.js:13
app/views/layouts/application.html.erb:5:in `_app_views_layouts_application_html_erb__4303183837615732343_70252142568680'
Started GET "/" for 127.0.0.1 at 2017-10-17 19:21:25 +0200
  
ActionController::RoutingError (uninitialized constant PagesController):
  
activesupport (5.1.4) lib/active_support/inflector/methods.rb:269:in `const_get'
activesupport (5.1.4) lib/active_support/inflector/methods.rb:269:in `block in constantize'
activesupport (5.1.4) lib/active_support/inflector/methods.rb:267:in `each'
activesupport (5.1.4) lib/active_support/inflector/methods.rb:267:in `inject'
activesupport (5.1.4) lib/active_support/inflector/methods.rb:267:in `constantize'
actionpack (5.1.4) lib/action_dispatch/http/request.rb:85:in `controller_class_for'
actionpack (5.1.4) lib/action_dispatch/http/request.rb:78:in `controller_class'
actionpack (5.1.4) lib/action_dispatch/routing/route_set.rb:43:in `controller'
actionpack (5.1.4) lib/action_dispatch/routing/route_set.rb:29:in `serve'
actionpack (5.1.4) lib/action_dispatch/journey/router.rb:50:in `block in serve'
actionpack (5.1.4) lib/action_dispatch/journey/router.rb:33:in `each'
actionpack (5.1.4) lib/action_dispatch/journey/router.rb:33:in `serve'
actionpack (5.1.4) lib/action_dispatch/routing/route_set.rb:834:in `call'
rack (2.0.3) lib/rack/etag.rb:25:in `call'
rack (2.0.3) lib/rack/conditional_get.rb:25:in `call'
rack (2.0.3) lib/rack/head.rb:12:in `call'
rack (2.0.3) lib/rack/session/abstract/id.rb:232:in `context'
rack (2.0.3) lib/rack/session/abstract/id.rb:226:in `call'
actionpack (5.1.4) lib/action_dispatch/middleware/cookies.rb:613:in `call'
activerecord (5.1.4) lib/active_record/migration.rb:556:in `call'
actionpack (5.1.4) lib/action_dispatch/middleware/callbacks.rb:26:in `block in call'
activesupport (5.1.4) lib/active_support/callbacks.rb:97:in `run_callbacks'
actionpack (5.1.4) lib/action_dispatch/middleware/callbacks.rb:24:in `call'
actionpack (5.1.4) lib/action_dispatch/middleware/executor.rb:12:in `call'
actionpack (5.1.4) lib/action_dispatch/middleware/debug_exceptions.rb:59:in `call'
web-console (3.5.1) lib/web_console/middleware.rb:135:in `call_app'
web-console (3.5.1) lib/web_console/middleware.rb:28:in `block in call'
web-console (3.5.1) lib/web_console/middleware.rb:18:in `catch'
web-console (3.5.1) lib/web_console/middleware.rb:18:in `call'
actionpack (5.1.4) lib/action_dispatch/middleware/show_exceptions.rb:31:in `call'
railties (5.1.4) lib/rails/rack/logger.rb:36:in `call_app'
railties (5.1.4) lib/rails/rack/logger.rb:24:in `block in call'
activesupport (5.1.4) lib/active_support/tagged_logging.rb:69:in `block in tagged'
activesupport (5.1.4) lib/active_support/tagged_logging.rb:26:in `tagged'
activesupport (5.1.4) lib/active_support/tagged_logging.rb:69:in `tagged'
railties (5.1.4) lib/rails/rack/logger.rb:24:in `call'
sprockets-rails (3.2.1) lib/sprockets/rails/quiet_assets.rb:13:in `call'
actionpack (5.1.4) lib/action_dispatch/middleware/remote_ip.rb:79:in `call'
actionpack (5.1.4) lib/action_dispatch/middleware/request_id.rb:25:in `call'
rack (2.0.3) lib/rack/method_override.rb:22:in `call'
rack (2.0.3) lib/rack/runtime.rb:22:in `call'
activesupport (5.1.4) lib/active_support/cache/strategy/local_cache_middleware.rb:27:in `call'
actionpack (5.1.4) lib/action_dispatch/middleware/executor.rb:12:in `call'
actionpack (5.1.4) lib/action_dispatch/middleware/static.rb:125:in `call'
rack (2.0.3) lib/rack/sendfile.rb:111:in `call'
railties (5.1.4) lib/rails/engine.rb:522:in `call'
puma (3.10.0) lib/puma/configuration.rb:225:in `call'
puma (3.10.0) lib/puma/server.rb:605:in `handle_request'
puma (3.10.0) lib/puma/server.rb:437:in `process_client'
puma (3.10.0) lib/puma/server.rb:301:in `block in run'
puma (3.10.0) lib/puma/thread_pool.rb:120:in `block in spawn_thread'
Started GET "/" for 127.0.0.1 at 2017-10-17 19:21:27 +0200
  
ActionController::RoutingError (uninitialized constant PagesController):
  
activesupport (5.1.4) lib/active_support/inflector/methods.rb:269:in `const_get'
activesupport (5.1.4) lib/active_support/inflector/methods.rb:269:in `block in constantize'
activesupport (5.1.4) lib/active_support/inflector/methods.rb:267:in `each'
activesupport (5.1.4) lib/active_support/inflector/methods.rb:267:in `inject'
activesupport (5.1.4) lib/active_support/inflector/methods.rb:267:in `constantize'
actionpack (5.1.4) lib/action_dispatch/http/request.rb:85:in `controller_class_for'
actionpack (5.1.4) lib/action_dispatch/http/request.rb:78:in `controller_class'
actionpack (5.1.4) lib/action_dispatch/routing/route_set.rb:43:in `controller'
actionpack (5.1.4) lib/action_dispatch/routing/route_set.rb:29:in `serve'
actionpack (5.1.4) lib/action_dispatch/journey/router.rb:50:in `block in serve'
actionpack (5.1.4) lib/action_dispatch/journey/router.rb:33:in `each'
actionpack (5.1.4) lib/action_dispatch/journey/router.rb:33:in `serve'
actionpack (5.1.4) lib/action_dispatch/routing/route_set.rb:834:in `call'
rack (2.0.3) lib/rack/etag.rb:25:in `call'
rack (2.0.3) lib/rack/conditional_get.rb:25:in `call'
rack (2.0.3) lib/rack/head.rb:12:in `call'
rack (2.0.3) lib/rack/session/abstract/id.rb:232:in `context'
rack (2.0.3) lib/rack/session/abstract/id.rb:226:in `call'
actionpack (5.1.4) lib/action_dispatch/middleware/cookies.rb:613:in `call'
activerecord (5.1.4) lib/active_record/migration.rb:556:in `call'
actionpack (5.1.4) lib/action_dispatch/middleware/callbacks.rb:26:in `block in call'
activesupport (5.1.4) lib/active_support/callbacks.rb:97:in `run_callbacks'
actionpack (5.1.4) lib/action_dispatch/middleware/callbacks.rb:24:in `call'
actionpack (5.1.4) lib/action_dispatch/middleware/executor.rb:12:in `call'
actionpack (5.1.4) lib/action_dispatch/middleware/debug_exceptions.rb:59:in `call'
web-console (3.5.1) lib/web_console/middleware.rb:135:in `call_app'
web-console (3.5.1) lib/web_console/middleware.rb:28:in `block in call'
web-console (3.5.1) lib/web_console/middleware.rb:18:in `catch'
web-console (3.5.1) lib/web_console/middleware.rb:18:in `call'
actionpack (5.1.4) lib/action_dispatch/middleware/show_exceptions.rb:31:in `call'
railties (5.1.4) lib/rails/rack/logger.rb:36:in `call_app'
railties (5.1.4) lib/rails/rack/logger.rb:24:in `block in call'
activesupport (5.1.4) lib/active_support/tagged_logging.rb:69:in `block in tagged'
activesupport (5.1.4) lib/active_support/tagged_logging.rb:26:in `tagged'
activesupport (5.1.4) lib/active_support/tagged_logging.rb:69:in `tagged'
railties (5.1.4) lib/rails/rack/logger.rb:24:in `call'
sprockets-rails (3.2.1) lib/sprockets/rails/quiet_assets.rb:13:in `call'
actionpack (5.1.4) lib/action_dispatch/middleware/remote_ip.rb:79:in `call'
actionpack (5.1.4) lib/action_dispatch/middleware/request_id.rb:25:in `call'
rack (2.0.3) lib/rack/method_override.rb:22:in `call'
rack (2.0.3) lib/rack/runtime.rb:22:in `call'
activesupport (5.1.4) lib/active_support/cache/strategy/local_cache_middleware.rb:27:in `call'
actionpack (5.1.4) lib/action_dispatch/middleware/executor.rb:12:in `call'
actionpack (5.1.4) lib/action_dispatch/middleware/static.rb:125:in `call'
rack (2.0.3) lib/rack/sendfile.rb:111:in `call'
railties (5.1.4) lib/rails/engine.rb:522:in `call'
puma (3.10.0) lib/puma/configuration.rb:225:in `call'
puma (3.10.0) lib/puma/server.rb:605:in `handle_request'
puma (3.10.0) lib/puma/server.rb:437:in `process_client'
puma (3.10.0) lib/puma/server.rb:301:in `block in run'
puma (3.10.0) lib/puma/thread_pool.rb:120:in `block in spawn_thread'
Started GET "/" for 127.0.0.1 at 2017-10-17 19:22:01 +0200
  
AbstractController::ActionNotFound (The action 'index' could not be found for PagesController):
  
actionpack (5.1.4) lib/abstract_controller/base.rb:119:in `process'
actionview (5.1.4) lib/action_view/rendering.rb:30:in `process'
actionpack (5.1.4) lib/action_controller/metal.rb:189:in `dispatch'
actionpack (5.1.4) lib/action_controller/metal.rb:253:in `dispatch'
actionpack (5.1.4) lib/action_dispatch/routing/route_set.rb:49:in `dispatch'
actionpack (5.1.4) lib/action_dispatch/routing/route_set.rb:31:in `serve'
actionpack (5.1.4) lib/action_dispatch/journey/router.rb:50:in `block in serve'
actionpack (5.1.4) lib/action_dispatch/journey/router.rb:33:in `each'
actionpack (5.1.4) lib/action_dispatch/journey/router.rb:33:in `serve'
actionpack (5.1.4) lib/action_dispatch/routing/route_set.rb:834:in `call'
rack (2.0.3) lib/rack/etag.rb:25:in `call'
rack (2.0.3) lib/rack/conditional_get.rb:25:in `call'
rack (2.0.3) lib/rack/head.rb:12:in `call'
rack (2.0.3) lib/rack/session/abstract/id.rb:232:in `context'
rack (2.0.3) lib/rack/session/abstract/id.rb:226:in `call'
actionpack (5.1.4) lib/action_dispatch/middleware/cookies.rb:613:in `call'
activerecord (5.1.4) lib/active_record/migration.rb:556:in `call'
actionpack (5.1.4) lib/action_dispatch/middleware/callbacks.rb:26:in `block in call'
activesupport (5.1.4) lib/active_support/callbacks.rb:97:in `run_callbacks'
actionpack (5.1.4) lib/action_dispatch/middleware/callbacks.rb:24:in `call'
actionpack (5.1.4) lib/action_dispatch/middleware/executor.rb:12:in `call'
actionpack (5.1.4) lib/action_dispatch/middleware/debug_exceptions.rb:59:in `call'
web-console (3.5.1) lib/web_console/middleware.rb:135:in `call_app'
web-console (3.5.1) lib/web_console/middleware.rb:28:in `block in call'
web-console (3.5.1) lib/web_console/middleware.rb:18:in `catch'
web-console (3.5.1) lib/web_console/middleware.rb:18:in `call'
actionpack (5.1.4) lib/action_dispatch/middleware/show_exceptions.rb:31:in `call'
railties (5.1.4) lib/rails/rack/logger.rb:36:in `call_app'
railties (5.1.4) lib/rails/rack/logger.rb:24:in `block in call'
activesupport (5.1.4) lib/active_support/tagged_logging.rb:69:in `block in tagged'
activesupport (5.1.4) lib/active_support/tagged_logging.rb:26:in `tagged'
activesupport (5.1.4) lib/active_support/tagged_logging.rb:69:in `tagged'
railties (5.1.4) lib/rails/rack/logger.rb:24:in `call'
sprockets-rails (3.2.1) lib/sprockets/rails/quiet_assets.rb:13:in `call'
actionpack (5.1.4) lib/action_dispatch/middleware/remote_ip.rb:79:in `call'
actionpack (5.1.4) lib/action_dispatch/middleware/request_id.rb:25:in `call'
rack (2.0.3) lib/rack/method_override.rb:22:in `call'
rack (2.0.3) lib/rack/runtime.rb:22:in `call'
activesupport (5.1.4) lib/active_support/cache/strategy/local_cache_middleware.rb:27:in `call'
actionpack (5.1.4) lib/action_dispatch/middleware/executor.rb:12:in `call'
actionpack (5.1.4) lib/action_dispatch/middleware/static.rb:125:in `call'
rack (2.0.3) lib/rack/sendfile.rb:111:in `call'
railties (5.1.4) lib/rails/engine.rb:522:in `call'
puma (3.10.0) lib/puma/configuration.rb:225:in `call'
puma (3.10.0) lib/puma/server.rb:605:in `handle_request'
puma (3.10.0) lib/puma/server.rb:437:in `process_client'
puma (3.10.0) lib/puma/server.rb:301:in `block in run'
puma (3.10.0) lib/puma/thread_pool.rb:120:in `block in spawn_thread'
Started GET "/" for 127.0.0.1 at 2017-10-17 19:22:56 +0200
Processing by PagesController#index as HTML
  Rendering pages/index.html.erb within layouts/application
  Rendered pages/partials/_content.html.erb (0.2ms)
  Rendered pages/index.html.erb within layouts/application (0.9ms)
Completed 200 OK in 369ms (Views: 290.9ms)


Started GET "/" for 127.0.0.1 at 2017-10-17 19:22:59 +0200
Processing by PagesController#index as HTML
  Rendering pages/index.html.erb within layouts/application
  Rendered pages/partials/_content.html.erb (0.7ms)
  Rendered pages/index.html.erb within layouts/application (1.9ms)
Completed 200 OK in 21ms (Views: 20.3ms)


Started GET "/" for 127.0.0.1 at 2017-10-17 19:23:49 +0200
Processing by PagesController#index as HTML
  Rendering pages/index.html.erb within layouts/application
  Rendered pages/partials/_content.html.erb (1.6ms)
  Rendered pages/index.html.erb within layouts/application (4.2ms)
Completed 200 OK in 41ms (Views: 37.0ms)


Started GET "/" for 127.0.0.1 at 2017-10-17 19:23:51 +0200
Processing by PagesController#index as HTML
  Rendering pages/index.html.erb within layouts/application
  Rendered pages/partials/_content.html.erb (0.6ms)
  Rendered pages/index.html.erb within layouts/application (2.9ms)
Completed 200 OK in 33ms (Views: 30.3ms)


Started GET "/services" for 127.0.0.1 at 2017-10-17 19:23:51 +0200
Processing by PagesController#services as HTML
  Rendering pages/services.html.erb within layouts/application
  Rendered pages/partials/_content.html.erb (0.3ms)
  Rendered pages/services.html.erb within layouts/application (1.3ms)
Completed 200 OK in 12ms (Views: 11.0ms)


Started GET "/about" for 127.0.0.1 at 2017-10-17 19:23:52 +0200
Processing by PagesController#about as HTML
  Rendering pages/about.html.erb within layouts/application
  Rendered pages/partials/_content.html.erb (0.7ms)
  Rendered pages/about.html.erb within layouts/application (2.9ms)
Completed 200 OK in 31ms (Views: 29.0ms)


Started GET "/contact" for 127.0.0.1 at 2017-10-17 19:23:52 +0200
Processing by PagesController#contact as HTML
  Rendering pages/contact.html.erb within layouts/application
  Rendered pages/partials/_content.html.erb (0.2ms)
  Rendered pages/contact.html.erb within layouts/application (1.2ms)
Completed 200 OK in 12ms (Views: 10.2ms)


Started GET "/services" for 127.0.0.1 at 2017-10-17 19:23:53 +0200
Processing by PagesController#services as HTML
  Rendering pages/services.html.erb within layouts/application
  Rendered pages/partials/_content.html.erb (0.2ms)
  Rendered pages/services.html.erb within layouts/application (1.3ms)
Completed 200 OK in 12ms (Views: 10.9ms)


Started GET "/services" for 127.0.0.1 at 2017-10-17 19:24:32 +0200
Processing by PagesController#services as HTML
  Rendering pages/services.html.erb within layouts/application
  Rendered pages/partials/_content.html.erb (0.5ms)
  Rendered pages/services.html.erb within layouts/application (2.0ms)
Completed 200 OK in 16ms (Views: 15.1ms)


Started GET "/" for 127.0.0.1 at 2017-10-17 19:24:33 +0200
Processing by PagesController#index as HTML
  Rendering pages/index.html.erb within layouts/application
  Rendered pages/partials/_content.html.erb (0.7ms)
  Rendered pages/index.html.erb within layouts/application (3.1ms)
Completed 200 OK in 33ms (Views: 31.1ms)


Started GET "/about" for 127.0.0.1 at 2017-10-17 19:24:34 +0200
Processing by PagesController#about as HTML
  Rendering pages/about.html.erb within layouts/application
  Rendered pages/partials/_content.html.erb (0.3ms)
  Rendered pages/about.html.erb within layouts/application (1.0ms)
Completed 200 OK in 12ms (Views: 10.4ms)


Started GET "/services" for 127.0.0.1 at 2017-10-17 19:24:34 +0200
Processing by PagesController#services as HTML
  Rendering pages/services.html.erb within layouts/application
  Rendered pages/partials/_content.html.erb (0.3ms)
  Rendered pages/services.html.erb within layouts/application (1.5ms)
Completed 200 OK in 14ms (Views: 12.6ms)


Started GET "/contact" for 127.0.0.1 at 2017-10-17 19:24:35 +0200
Processing by PagesController#contact as HTML
  Rendering pages/contact.html.erb within layouts/application
  Rendered pages/partials/_content.html.erb (0.2ms)
  Rendered pages/contact.html.erb within layouts/application (0.9ms)
Completed 200 OK in 13ms (Views: 10.8ms)


Started GET "/services" for 127.0.0.1 at 2017-10-17 19:24:35 +0200
Processing by PagesController#services as HTML
  Rendering pages/services.html.erb within layouts/application
  Rendered pages/partials/_content.html.erb (0.8ms)
  Rendered pages/services.html.erb within layouts/application (3.6ms)
Completed 200 OK in 37ms (Views: 34.4ms)


Started GET "/about" for 127.0.0.1 at 2017-10-17 19:24:36 +0200
Processing by PagesController#about as HTML
  Rendering pages/about.html.erb within layouts/application
  Rendered pages/partials/_content.html.erb (0.4ms)
  Rendered pages/about.html.erb within layouts/application (1.8ms)
Completed 200 OK in 18ms (Views: 16.4ms)


Started GET "/" for 127.0.0.1 at 2017-10-17 19:24:36 +0200
Processing by PagesController#index as HTML
  Rendering pages/index.html.erb within layouts/application
  Rendered pages/partials/_content.html.erb (0.2ms)
  Rendered pages/index.html.erb within layouts/application (1.0ms)
Completed 200 OK in 11ms (Views: 10.3ms)


Started GET "/services" for 127.0.0.1 at 2017-10-17 19:24:36 +0200
Processing by PagesController#services as HTML
  Rendering pages/services.html.erb within layouts/application
  Rendered pages/partials/_content.html.erb (0.4ms)
  Rendered pages/services.html.erb within layouts/application (1.5ms)
Completed 200 OK in 12ms (Views: 11.3ms)


Started GET "/contact" for 127.0.0.1 at 2017-10-17 19:24:37 +0200
Processing by PagesController#contact as HTML
  Rendering pages/contact.html.erb within layouts/application
  Rendered pages/partials/_content.html.erb (0.3ms)
  Rendered pages/contact.html.erb within layouts/application (1.2ms)
Completed 200 OK in 17ms (Views: 16.2ms)


Started GET "/about" for 127.0.0.1 at 2017-10-17 19:24:37 +0200
Processing by PagesController#about as HTML
  Rendering pages/about.html.erb within layouts/application
  Rendered pages/partials/_content.html.erb (0.2ms)
  Rendered pages/about.html.erb within layouts/application (1.1ms)
Completed 200 OK in 11ms (Views: 10.4ms)


Started GET "/" for 127.0.0.1 at 2017-10-17 19:25:15 +0200
Processing by PagesController#index as HTML
  Rendering pages/index.html.erb within layouts/application
  Rendered pages/partials/_content.html.erb (1.0ms)
  Rendered pages/index.html.erb within layouts/application (4.0ms)
Completed 200 OK in 34ms (Views: 30.6ms)


Started GET "/about" for 127.0.0.1 at 2017-10-17 19:25:15 +0200
Processing by PagesController#about as HTML
  Rendering pages/about.html.erb within layouts/application
  Rendered pages/partials/_content.html.erb (0.3ms)
  Rendered pages/about.html.erb within layouts/application (1.2ms)
Completed 200 OK in 13ms (Views: 11.7ms)


Started GET "/services" for 127.0.0.1 at 2017-10-17 19:25:16 +0200
Processing by PagesController#services as HTML
  Rendering pages/services.html.erb within layouts/application
  Rendered pages/partials/_content.html.erb (0.4ms)
  Rendered pages/services.html.erb within layouts/application (1.4ms)
Completed 200 OK in 12ms (Views: 11.5ms)


Started GET "/contact" for 127.0.0.1 at 2017-10-17 19:25:16 +0200
Processing by PagesController#contact as HTML
  Rendering pages/contact.html.erb within layouts/application
  Rendered pages/partials/_content.html.erb (0.2ms)
  Rendered pages/contact.html.erb within layouts/application (1.1ms)
Completed 200 OK in 13ms (Views: 12.2ms)


Started GET "/services" for 127.0.0.1 at 2017-10-17 19:25:17 +0200
Processing by PagesController#services as HTML
  Rendering pages/services.html.erb within layouts/application
  Rendered pages/partials/_content.html.erb (0.7ms)
  Rendered pages/services.html.erb within layouts/application (3.5ms)
Completed 200 OK in 36ms (Views: 33.1ms)


Started GET "/" for 127.0.0.1 at 2017-10-17 21:31:40 +0200
Processing by PagesController#index as HTML
Completed 500 Internal Server Error in 100ms


  
NoMethodError (undefined method `raise_in_transactional_callbacks=' for ActiveRecord::Base:Class):
  
activerecord (5.1.4) lib/active_record/dynamic_matchers.rb:22:in `method_missing'
activerecord (5.1.4) lib/active_record/railtie.rb:112:in `block (3 levels) in <class:Railtie>'
activerecord (5.1.4) lib/active_record/railtie.rb:111:in `each'
activerecord (5.1.4) lib/active_record/railtie.rb:111:in `block (2 levels) in <class:Railtie>'
activesupport (5.1.4) lib/active_support/lazy_load_hooks.rb:69:in `instance_eval'
activesupport (5.1.4) lib/active_support/lazy_load_hooks.rb:69:in `block in execute_hook'
activesupport (5.1.4) lib/active_support/lazy_load_hooks.rb:60:in `with_execution_control'
activesupport (5.1.4) lib/active_support/lazy_load_hooks.rb:65:in `execute_hook'
activesupport (5.1.4) lib/active_support/lazy_load_hooks.rb:50:in `block in run_load_hooks'
activesupport (5.1.4) lib/active_support/lazy_load_hooks.rb:49:in `each'
activesupport (5.1.4) lib/active_support/lazy_load_hooks.rb:49:in `run_load_hooks'
activerecord (5.1.4) lib/active_record/base.rb:326:in `<module:ActiveRecord>'
activerecord (5.1.4) lib/active_record/base.rb:25:in `<top (required)>'
activesupport (5.1.4) lib/active_support/dependencies.rb:292:in `require'
activesupport (5.1.4) lib/active_support/dependencies.rb:292:in `block in require'
activesupport (5.1.4) lib/active_support/dependencies.rb:258:in `load_dependency'
activesupport (5.1.4) lib/active_support/dependencies.rb:292:in `require'
activerecord (5.1.4) lib/active_record/railties/controller_runtime.rb:40:in `append_info_to_payload'
actionpack (5.1.4) lib/action_controller/metal/instrumentation.rb:36:in `ensure in block in process_action'
actionpack (5.1.4) lib/action_controller/metal/instrumentation.rb:36:in `block in process_action'
activesupport (5.1.4) lib/active_support/notifications.rb:166:in `block in instrument'
activesupport (5.1.4) lib/active_support/notifications/instrumenter.rb:21:in `instrument'
activesupport (5.1.4) lib/active_support/notifications.rb:166:in `instrument'
actionpack (5.1.4) lib/action_controller/metal/instrumentation.rb:30:in `process_action'
actionpack (5.1.4) lib/action_controller/metal/params_wrapper.rb:252:in `process_action'
activerecord (5.1.4) lib/active_record/railties/controller_runtime.rb:22:in `process_action'
actionpack (5.1.4) lib/abstract_controller/base.rb:124:in `process'
actionview (5.1.4) lib/action_view/rendering.rb:30:in `process'
actionpack (5.1.4) lib/action_controller/metal.rb:189:in `dispatch'
actionpack (5.1.4) lib/action_controller/metal.rb:253:in `dispatch'
actionpack (5.1.4) lib/action_dispatch/routing/route_set.rb:49:in `dispatch'
actionpack (5.1.4) lib/action_dispatch/routing/route_set.rb:31:in `serve'
actionpack (5.1.4) lib/action_dispatch/journey/router.rb:50:in `block in serve'
actionpack (5.1.4) lib/action_dispatch/journey/router.rb:33:in `each'
actionpack (5.1.4) lib/action_dispatch/journey/router.rb:33:in `serve'
actionpack (5.1.4) lib/action_dispatch/routing/route_set.rb:834:in `call'
rack (2.0.3) lib/rack/etag.rb:25:in `call'
rack (2.0.3) lib/rack/conditional_get.rb:25:in `call'
rack (2.0.3) lib/rack/head.rb:12:in `call'
rack (2.0.3) lib/rack/session/abstract/id.rb:232:in `context'
rack (2.0.3) lib/rack/session/abstract/id.rb:226:in `call'
actionpack (5.1.4) lib/action_dispatch/middleware/cookies.rb:613:in `call'
activerecord (5.1.4) lib/active_record/migration.rb:556:in `call'
actionpack (5.1.4) lib/action_dispatch/middleware/callbacks.rb:26:in `block in call'
activesupport (5.1.4) lib/active_support/callbacks.rb:97:in `run_callbacks'
actionpack (5.1.4) lib/action_dispatch/middleware/callbacks.rb:24:in `call'
actionpack (5.1.4) lib/action_dispatch/middleware/executor.rb:12:in `call'
actionpack (5.1.4) lib/action_dispatch/middleware/debug_exceptions.rb:59:in `call'
web-console (3.5.1) lib/web_console/middleware.rb:135:in `call_app'
web-console (3.5.1) lib/web_console/middleware.rb:28:in `block in call'
web-console (3.5.1) lib/web_console/middleware.rb:18:in `catch'
web-console (3.5.1) lib/web_console/middleware.rb:18:in `call'
actionpack (5.1.4) lib/action_dispatch/middleware/show_exceptions.rb:31:in `call'
railties (5.1.4) lib/rails/rack/logger.rb:36:in `call_app'
railties (5.1.4) lib/rails/rack/logger.rb:24:in `block in call'
activesupport (5.1.4) lib/active_support/tagged_logging.rb:69:in `block in tagged'
activesupport (5.1.4) lib/active_support/tagged_logging.rb:26:in `tagged'
activesupport (5.1.4) lib/active_support/tagged_logging.rb:69:in `tagged'
railties (5.1.4) lib/rails/rack/logger.rb:24:in `call'
actionpack (5.1.4) lib/action_dispatch/middleware/remote_ip.rb:79:in `call'
actionpack (5.1.4) lib/action_dispatch/middleware/request_id.rb:25:in `call'
rack (2.0.3) lib/rack/method_override.rb:22:in `call'
rack (2.0.3) lib/rack/runtime.rb:22:in `call'
activesupport (5.1.4) lib/active_support/cache/strategy/local_cache_middleware.rb:27:in `call'
actionpack (5.1.4) lib/action_dispatch/middleware/executor.rb:12:in `call'
actionpack (5.1.4) lib/action_dispatch/middleware/static.rb:125:in `call'
rack (2.0.3) lib/rack/sendfile.rb:111:in `call'
railties (5.1.4) lib/rails/engine.rb:522:in `call'
puma (3.10.0) lib/puma/configuration.rb:225:in `call'
puma (3.10.0) lib/puma/server.rb:605:in `handle_request'
puma (3.10.0) lib/puma/server.rb:437:in `process_client'
puma (3.10.0) lib/puma/server.rb:301:in `block in run'
puma (3.10.0) lib/puma/thread_pool.rb:120:in `block in spawn_thread'
Started GET "/" for 127.0.0.1 at 2017-10-17 21:31:42 +0200
Processing by PagesController#index as HTML
  Rendering pages/index.html.erb within layouts/application
  Rendered pages/partials/_content.html.erb (0.2ms)
  Rendered pages/index.html.erb within layouts/application (0.8ms)
Completed 200 OK in 140ms (Views: 139.2ms)


Started GET "/about" for 127.0.0.1 at 2017-10-17 21:31:43 +0200
Processing by PagesController#about as HTML
  Rendering pages/about.html.erb within layouts/application
  Rendered pages/partials/_content.html.erb (0.7ms)
  Rendered pages/about.html.erb within layouts/application (3.3ms)
Completed 200 OK in 35ms (Views: 31.9ms)


Started GET "/about" for 127.0.0.1 at 2017-10-17 21:31:44 +0200
Processing by PagesController#about as HTML
  Rendering pages/about.html.erb within layouts/application
  Rendered pages/partials/_content.html.erb (0.7ms)
  Rendered pages/about.html.erb within layouts/application (3.1ms)
Completed 200 OK in 42ms (Views: 39.0ms)


Started GET "/" for 127.0.0.1 at 2017-10-17 21:31:44 +0200
Processing by PagesController#index as HTML
  Rendering pages/index.html.erb within layouts/application
  Rendered pages/partials/_content.html.erb (1.0ms)
  Rendered pages/index.html.erb within layouts/application (3.5ms)
Completed 200 OK in 35ms (Views: 32.5ms)


Started GET "/about" for 127.0.0.1 at 2017-10-17 21:31:45 +0200
Processing by PagesController#about as HTML
  Rendering pages/about.html.erb within layouts/application
  Rendered pages/partials/_content.html.erb (0.2ms)
  Rendered pages/about.html.erb within layouts/application (1.1ms)
Completed 200 OK in 11ms (Views: 10.1ms)


Started GET "/services" for 127.0.0.1 at 2017-10-17 21:31:45 +0200
Processing by PagesController#services as HTML
  Rendering pages/services.html.erb within layouts/application
  Rendered pages/partials/_content.html.erb (1.0ms)
  Rendered pages/services.html.erb within layouts/application (4.0ms)
Completed 200 OK in 32ms (Views: 30.0ms)


Started GET "/services" for 127.0.0.1 at 2017-10-17 21:32:12 +0200
Processing by PagesController#services as HTML
  Rendering pages/services.html.erb within layouts/application
  Rendered pages/partials/_content.html.erb (0.6ms)
  Rendered pages/services.html.erb within layouts/application (3.1ms)
Completed 200 OK in 30ms (Views: 27.5ms)


Started GET "/" for ::1 at 2017-10-17 22:13:52 +0200
Processing by PagesController#index as HTML
Completed 500 Internal Server Error in 101ms


  
NoMethodError (undefined method `raise_in_transactional_callbacks=' for ActiveRecord::Base:Class):
  
activerecord (5.1.4) lib/active_record/dynamic_matchers.rb:22:in `method_missing'
activerecord (5.1.4) lib/active_record/railtie.rb:112:in `block (3 levels) in <class:Railtie>'
activerecord (5.1.4) lib/active_record/railtie.rb:111:in `each'
activerecord (5.1.4) lib/active_record/railtie.rb:111:in `block (2 levels) in <class:Railtie>'
activesupport (5.1.4) lib/active_support/lazy_load_hooks.rb:69:in `instance_eval'
activesupport (5.1.4) lib/active_support/lazy_load_hooks.rb:69:in `block in execute_hook'
activesupport (5.1.4) lib/active_support/lazy_load_hooks.rb:60:in `with_execution_control'
activesupport (5.1.4) lib/active_support/lazy_load_hooks.rb:65:in `execute_hook'
activesupport (5.1.4) lib/active_support/lazy_load_hooks.rb:50:in `block in run_load_hooks'
activesupport (5.1.4) lib/active_support/lazy_load_hooks.rb:49:in `each'
activesupport (5.1.4) lib/active_support/lazy_load_hooks.rb:49:in `run_load_hooks'
activerecord (5.1.4) lib/active_record/base.rb:326:in `<module:ActiveRecord>'
activerecord (5.1.4) lib/active_record/base.rb:25:in `<top (required)>'
activesupport (5.1.4) lib/active_support/dependencies.rb:292:in `require'
activesupport (5.1.4) lib/active_support/dependencies.rb:292:in `block in require'
activesupport (5.1.4) lib/active_support/dependencies.rb:258:in `load_dependency'
activesupport (5.1.4) lib/active_support/dependencies.rb:292:in `require'
activerecord (5.1.4) lib/active_record/railties/controller_runtime.rb:40:in `append_info_to_payload'
actionpack (5.1.4) lib/action_controller/metal/instrumentation.rb:36:in `ensure in block in process_action'
actionpack (5.1.4) lib/action_controller/metal/instrumentation.rb:36:in `block in process_action'
activesupport (5.1.4) lib/active_support/notifications.rb:166:in `block in instrument'
activesupport (5.1.4) lib/active_support/notifications/instrumenter.rb:21:in `instrument'
activesupport (5.1.4) lib/active_support/notifications.rb:166:in `instrument'
actionpack (5.1.4) lib/action_controller/metal/instrumentation.rb:30:in `process_action'
actionpack (5.1.4) lib/action_controller/metal/params_wrapper.rb:252:in `process_action'
activerecord (5.1.4) lib/active_record/railties/controller_runtime.rb:22:in `process_action'
actionpack (5.1.4) lib/abstract_controller/base.rb:124:in `process'
actionview (5.1.4) lib/action_view/rendering.rb:30:in `process'
actionpack (5.1.4) lib/action_controller/metal.rb:189:in `dispatch'
actionpack (5.1.4) lib/action_controller/metal.rb:253:in `dispatch'
actionpack (5.1.4) lib/action_dispatch/routing/route_set.rb:49:in `dispatch'
actionpack (5.1.4) lib/action_dispatch/routing/route_set.rb:31:in `serve'
actionpack (5.1.4) lib/action_dispatch/journey/router.rb:50:in `block in serve'
actionpack (5.1.4) lib/action_dispatch/journey/router.rb:33:in `each'
actionpack (5.1.4) lib/action_dispatch/journey/router.rb:33:in `serve'
actionpack (5.1.4) lib/action_dispatch/routing/route_set.rb:834:in `call'
rack (2.0.3) lib/rack/etag.rb:25:in `call'
rack (2.0.3) lib/rack/conditional_get.rb:25:in `call'
rack (2.0.3) lib/rack/head.rb:12:in `call'
rack (2.0.3) lib/rack/session/abstract/id.rb:232:in `context'
rack (2.0.3) lib/rack/session/abstract/id.rb:226:in `call'
actionpack (5.1.4) lib/action_dispatch/middleware/cookies.rb:613:in `call'
activerecord (5.1.4) lib/active_record/migration.rb:556:in `call'
actionpack (5.1.4) lib/action_dispatch/middleware/callbacks.rb:26:in `block in call'
activesupport (5.1.4) lib/active_support/callbacks.rb:97:in `run_callbacks'
actionpack (5.1.4) lib/action_dispatch/middleware/callbacks.rb:24:in `call'
actionpack (5.1.4) lib/action_dispatch/middleware/executor.rb:12:in `call'
actionpack (5.1.4) lib/action_dispatch/middleware/debug_exceptions.rb:59:in `call'
web-console (3.5.1) lib/web_console/middleware.rb:135:in `call_app'
web-console (3.5.1) lib/web_console/middleware.rb:28:in `block in call'
web-console (3.5.1) lib/web_console/middleware.rb:18:in `catch'
web-console (3.5.1) lib/web_console/middleware.rb:18:in `call'
actionpack (5.1.4) lib/action_dispatch/middleware/show_exceptions.rb:31:in `call'
railties (5.1.4) lib/rails/rack/logger.rb:36:in `call_app'
railties (5.1.4) lib/rails/rack/logger.rb:24:in `block in call'
activesupport (5.1.4) lib/active_support/tagged_logging.rb:69:in `block in tagged'
activesupport (5.1.4) lib/active_support/tagged_logging.rb:26:in `tagged'
activesupport (5.1.4) lib/active_support/tagged_logging.rb:69:in `tagged'
railties (5.1.4) lib/rails/rack/logger.rb:24:in `call'
actionpack (5.1.4) lib/action_dispatch/middleware/remote_ip.rb:79:in `call'
actionpack (5.1.4) lib/action_dispatch/middleware/request_id.rb:25:in `call'
rack (2.0.3) lib/rack/method_override.rb:22:in `call'
rack (2.0.3) lib/rack/runtime.rb:22:in `call'
activesupport (5.1.4) lib/active_support/cache/strategy/local_cache_middleware.rb:27:in `call'
actionpack (5.1.4) lib/action_dispatch/middleware/executor.rb:12:in `call'
actionpack (5.1.4) lib/action_dispatch/middleware/static.rb:125:in `call'
rack (2.0.3) lib/rack/sendfile.rb:111:in `call'
railties (5.1.4) lib/rails/engine.rb:522:in `call'
puma (3.10.0) lib/puma/configuration.rb:225:in `call'
puma (3.10.0) lib/puma/server.rb:605:in `handle_request'
puma (3.10.0) lib/puma/server.rb:437:in `process_client'
puma (3.10.0) lib/puma/server.rb:301:in `block in run'
puma (3.10.0) lib/puma/thread_pool.rb:120:in `block in spawn_thread'
Started GET "/" for ::1 at 2017-10-17 22:13:53 +0200
Processing by PagesController#index as HTML
  Rendering pages/index.html.erb within layouts/application
  Rendered pages/partials/_content.html.erb (0.3ms)
  Rendered pages/index.html.erb within layouts/application (1.3ms)
Completed 200 OK in 116ms (Views: 115.1ms)


Started GET "/assets/pages.self-e3b0c44298fc1c149afbf4c8996fb92427ae41e4649b934ca495991b7852b855.css?body=1" for ::1 at 2017-10-17 22:13:53 +0200
Started GET "/assets/cable.self-8484513823f404ed0c0f039f75243bfdede7af7919dda65f2e66391252443ce9.js?body=1" for ::1 at 2017-10-17 22:13:53 +0200
Started GET "/assets/rails-ujs.self-817d9a8cb641f7125060cb18fefada3f35339170767c4e003105f92d4c204e39.js?body=1" for ::1 at 2017-10-17 22:13:53 +0200
Started GET "/assets/application.self-f0d704deea029cf000697e2c0181ec173a1b474645466ed843eb5ee7bb215794.css?body=1" for ::1 at 2017-10-17 22:13:53 +0200
Started GET "/assets/turbolinks.self-1d1fddf91adc38ac2045c51f0a3e05ca97d07d24d15a4dcbf705009106489e69.js?body=1" for ::1 at 2017-10-17 22:13:53 +0200
Started GET "/assets/pages.self-877aef30ae1b040ab8a3aba4e3e309a11d7f2612f44dde450b5c157aa5f95c05.js?body=1" for ::1 at 2017-10-17 22:13:53 +0200
Started GET "/assets/application.self-eba3cb53a585a0960ade5a8cb94253892706bb20e3f12097a13463b1f12a4528.js?body=1" for ::1 at 2017-10-17 22:13:53 +0200
Started GET "/assets/action_cable.self-69fddfcddf4fdef9828648f9330d6ce108b93b82b0b8d3affffc59a114853451.js?body=1" for ::1 at 2017-10-17 22:13:54 +0200
Started GET "/about" for ::1 at 2017-10-17 22:13:55 +0200
Processing by PagesController#about as HTML
  Rendering pages/about.html.erb within layouts/application
  Rendered pages/partials/_content.html.erb (0.4ms)
  Rendered pages/about.html.erb within layouts/application (1.4ms)
Completed 200 OK in 11ms (Views: 10.3ms)


Started GET "/services" for ::1 at 2017-10-17 22:13:56 +0200
Processing by PagesController#services as HTML
  Rendering pages/services.html.erb within layouts/application
  Rendered pages/partials/_content.html.erb (0.2ms)
  Rendered pages/services.html.erb within layouts/application (1.2ms)
Completed 200 OK in 11ms (Views: 10.1ms)


Started GET "/contact" for ::1 at 2017-10-17 22:13:56 +0200
Processing by PagesController#contact as HTML
  Rendering pages/contact.html.erb within layouts/application
  Rendered pages/partials/_content.html.erb (0.3ms)
  Rendered pages/contact.html.erb within layouts/application (1.3ms)
Completed 200 OK in 13ms (Views: 11.2ms)


Started GET "/services" for ::1 at 2017-10-17 22:13:57 +0200
Processing by PagesController#services as HTML
  Rendering pages/services.html.erb within layouts/application
  Rendered pages/partials/_content.html.erb (0.3ms)
  Rendered pages/services.html.erb within layouts/application (1.4ms)
Completed 200 OK in 12ms (Views: 11.0ms)


Started GET "/about" for ::1 at 2017-10-17 22:13:58 +0200
Processing by PagesController#about as HTML
  Rendering pages/about.html.erb within layouts/application
  Rendered pages/partials/_content.html.erb (0.3ms)
  Rendered pages/about.html.erb within layouts/application (1.1ms)
Completed 200 OK in 13ms (Views: 11.3ms)


Started GET "/" for ::1 at 2017-10-17 22:13:58 +0200
Processing by PagesController#index as HTML
  Rendering pages/index.html.erb within layouts/application
  Rendered pages/partials/_content.html.erb (0.2ms)
  Rendered pages/index.html.erb within layouts/application (1.0ms)
Completed 200 OK in 21ms (Views: 20.0ms)


Started GET "/" for ::1 at 2017-10-17 22:17:57 +0200
Processing by PagesController#index as HTML
Completed 500 Internal Server Error in 103ms


  
NoMethodError (undefined method `raise_in_transactional_callbacks=' for ActiveRecord::Base:Class):
  
activerecord (5.1.4) lib/active_record/dynamic_matchers.rb:22:in `method_missing'
activerecord (5.1.4) lib/active_record/railtie.rb:112:in `block (3 levels) in <class:Railtie>'
activerecord (5.1.4) lib/active_record/railtie.rb:111:in `each'
activerecord (5.1.4) lib/active_record/railtie.rb:111:in `block (2 levels) in <class:Railtie>'
activesupport (5.1.4) lib/active_support/lazy_load_hooks.rb:69:in `instance_eval'
activesupport (5.1.4) lib/active_support/lazy_load_hooks.rb:69:in `block in execute_hook'
activesupport (5.1.4) lib/active_support/lazy_load_hooks.rb:60:in `with_execution_control'
activesupport (5.1.4) lib/active_support/lazy_load_hooks.rb:65:in `execute_hook'
activesupport (5.1.4) lib/active_support/lazy_load_hooks.rb:50:in `block in run_load_hooks'
activesupport (5.1.4) lib/active_support/lazy_load_hooks.rb:49:in `each'
activesupport (5.1.4) lib/active_support/lazy_load_hooks.rb:49:in `run_load_hooks'
activerecord (5.1.4) lib/active_record/base.rb:326:in `<module:ActiveRecord>'
activerecord (5.1.4) lib/active_record/base.rb:25:in `<top (required)>'
activesupport (5.1.4) lib/active_support/dependencies.rb:292:in `require'
activesupport (5.1.4) lib/active_support/dependencies.rb:292:in `block in require'
activesupport (5.1.4) lib/active_support/dependencies.rb:258:in `load_dependency'
activesupport (5.1.4) lib/active_support/dependencies.rb:292:in `require'
activerecord (5.1.4) lib/active_record/railties/controller_runtime.rb:40:in `append_info_to_payload'
actionpack (5.1.4) lib/action_controller/metal/instrumentation.rb:36:in `ensure in block in process_action'
actionpack (5.1.4) lib/action_controller/metal/instrumentation.rb:36:in `block in process_action'
activesupport (5.1.4) lib/active_support/notifications.rb:166:in `block in instrument'
activesupport (5.1.4) lib/active_support/notifications/instrumenter.rb:21:in `instrument'
activesupport (5.1.4) lib/active_support/notifications.rb:166:in `instrument'
actionpack (5.1.4) lib/action_controller/metal/instrumentation.rb:30:in `process_action'
actionpack (5.1.4) lib/action_controller/metal/params_wrapper.rb:252:in `process_action'
activerecord (5.1.4) lib/active_record/railties/controller_runtime.rb:22:in `process_action'
actionpack (5.1.4) lib/abstract_controller/base.rb:124:in `process'
actionview (5.1.4) lib/action_view/rendering.rb:30:in `process'
actionpack (5.1.4) lib/action_controller/metal.rb:189:in `dispatch'
actionpack (5.1.4) lib/action_controller/metal.rb:253:in `dispatch'
actionpack (5.1.4) lib/action_dispatch/routing/route_set.rb:49:in `dispatch'
actionpack (5.1.4) lib/action_dispatch/routing/route_set.rb:31:in `serve'
actionpack (5.1.4) lib/action_dispatch/journey/router.rb:50:in `block in serve'
actionpack (5.1.4) lib/action_dispatch/journey/router.rb:33:in `each'
actionpack (5.1.4) lib/action_dispatch/journey/router.rb:33:in `serve'
actionpack (5.1.4) lib/action_dispatch/routing/route_set.rb:834:in `call'
rack (2.0.3) lib/rack/etag.rb:25:in `call'
rack (2.0.3) lib/rack/conditional_get.rb:25:in `call'
rack (2.0.3) lib/rack/head.rb:12:in `call'
rack (2.0.3) lib/rack/session/abstract/id.rb:232:in `context'
rack (2.0.3) lib/rack/session/abstract/id.rb:226:in `call'
actionpack (5.1.4) lib/action_dispatch/middleware/cookies.rb:613:in `call'
activerecord (5.1.4) lib/active_record/migration.rb:556:in `call'
actionpack (5.1.4) lib/action_dispatch/middleware/callbacks.rb:26:in `block in call'
activesupport (5.1.4) lib/active_support/callbacks.rb:97:in `run_callbacks'
actionpack (5.1.4) lib/action_dispatch/middleware/callbacks.rb:24:in `call'
actionpack (5.1.4) lib/action_dispatch/middleware/executor.rb:12:in `call'
actionpack (5.1.4) lib/action_dispatch/middleware/debug_exceptions.rb:59:in `call'
web-console (3.5.1) lib/web_console/middleware.rb:135:in `call_app'
web-console (3.5.1) lib/web_console/middleware.rb:28:in `block in call'
web-console (3.5.1) lib/web_console/middleware.rb:18:in `catch'
web-console (3.5.1) lib/web_console/middleware.rb:18:in `call'
actionpack (5.1.4) lib/action_dispatch/middleware/show_exceptions.rb:31:in `call'
railties (5.1.4) lib/rails/rack/logger.rb:36:in `call_app'
railties (5.1.4) lib/rails/rack/logger.rb:24:in `block in call'
activesupport (5.1.4) lib/active_support/tagged_logging.rb:69:in `block in tagged'
activesupport (5.1.4) lib/active_support/tagged_logging.rb:26:in `tagged'
activesupport (5.1.4) lib/active_support/tagged_logging.rb:69:in `tagged'
railties (5.1.4) lib/rails/rack/logger.rb:24:in `call'
actionpack (5.1.4) lib/action_dispatch/middleware/remote_ip.rb:79:in `call'
actionpack (5.1.4) lib/action_dispatch/middleware/request_id.rb:25:in `call'
rack (2.0.3) lib/rack/method_override.rb:22:in `call'
rack (2.0.3) lib/rack/runtime.rb:22:in `call'
activesupport (5.1.4) lib/active_support/cache/strategy/local_cache_middleware.rb:27:in `call'
actionpack (5.1.4) lib/action_dispatch/middleware/executor.rb:12:in `call'
actionpack (5.1.4) lib/action_dispatch/middleware/static.rb:125:in `call'
rack (2.0.3) lib/rack/sendfile.rb:111:in `call'
railties (5.1.4) lib/rails/engine.rb:522:in `call'
puma (3.10.0) lib/puma/configuration.rb:225:in `call'
puma (3.10.0) lib/puma/server.rb:605:in `handle_request'
puma (3.10.0) lib/puma/server.rb:437:in `process_client'
puma (3.10.0) lib/puma/server.rb:301:in `block in run'
puma (3.10.0) lib/puma/thread_pool.rb:120:in `block in spawn_thread'
Started GET "/" for ::1 at 2017-10-17 22:18:05 +0200
Processing by PagesController#index as HTML
  Rendering pages/index.html.erb within layouts/application
  Rendered pages/partials/_content.html.erb (0.4ms)
  Rendered pages/index.html.erb within layouts/application (1.7ms)
Completed 200 OK in 128ms (Views: 127.5ms)


Started GET "/" for ::1 at 2017-10-17 22:18:07 +0200
Processing by PagesController#index as HTML
  Rendering pages/index.html.erb within layouts/application
  Rendered pages/partials/_content.html.erb (0.4ms)
  Rendered pages/index.html.erb within layouts/application (1.4ms)
Completed 200 OK in 11ms (Views: 10.4ms)


Started GET "/about" for ::1 at 2017-10-17 22:18:07 +0200
Processing by PagesController#about as HTML
  Rendering pages/about.html.erb within layouts/application
  Rendered pages/partials/_content.html.erb (0.8ms)
  Rendered pages/about.html.erb within layouts/application (3.8ms)
Completed 200 OK in 34ms (Views: 31.6ms)


Started GET "/services" for ::1 at 2017-10-17 22:18:08 +0200
Processing by PagesController#services as HTML
  Rendering pages/services.html.erb within layouts/application
  Rendered pages/partials/_content.html.erb (0.3ms)
  Rendered pages/services.html.erb within layouts/application (1.1ms)
Completed 200 OK in 11ms (Views: 9.8ms)


Started GET "/contact" for ::1 at 2017-10-17 22:18:09 +0200
Processing by PagesController#contact as HTML
  Rendering pages/contact.html.erb within layouts/application
  Rendered pages/partials/_content.html.erb (0.7ms)
  Rendered pages/contact.html.erb within layouts/application (3.2ms)
Completed 200 OK in 30ms (Views: 27.7ms)


Started GET "/services" for ::1 at 2017-10-17 22:18:09 +0200
Processing by PagesController#services as HTML
  Rendering pages/services.html.erb within layouts/application
  Rendered pages/partials/_content.html.erb (0.3ms)
  Rendered pages/services.html.erb within layouts/application (1.3ms)
Completed 200 OK in 12ms (Views: 11.5ms)


Started GET "/" for ::1 at 2017-10-17 22:18:11 +0200
Processing by PagesController#index as HTML
  Rendering pages/index.html.erb within layouts/application
  Rendered pages/partials/_content.html.erb (1.0ms)
  Rendered pages/index.html.erb within layouts/application (3.6ms)
Completed 200 OK in 35ms (Views: 32.4ms)


Started GET "/" for ::1 at 2017-10-17 22:18:11 +0200
Processing by PagesController#index as HTML
  Rendering pages/index.html.erb within layouts/application
  Rendered pages/partials/_content.html.erb (0.2ms)
  Rendered pages/index.html.erb within layouts/application (1.0ms)
Completed 200 OK in 23ms (Views: 21.8ms)


Started GET "/" for ::1 at 2017-10-19 12:36:42 +0200
Processing by PagesController#index as HTML
Completed 500 Internal Server Error in 113ms


  
NoMethodError (undefined method `raise_in_transactional_callbacks=' for ActiveRecord::Base:Class):
  
activerecord (5.1.4) lib/active_record/dynamic_matchers.rb:22:in `method_missing'
activerecord (5.1.4) lib/active_record/railtie.rb:112:in `block (3 levels) in <class:Railtie>'
activerecord (5.1.4) lib/active_record/railtie.rb:111:in `each'
activerecord (5.1.4) lib/active_record/railtie.rb:111:in `block (2 levels) in <class:Railtie>'
activesupport (5.1.4) lib/active_support/lazy_load_hooks.rb:69:in `instance_eval'
activesupport (5.1.4) lib/active_support/lazy_load_hooks.rb:69:in `block in execute_hook'
activesupport (5.1.4) lib/active_support/lazy_load_hooks.rb:60:in `with_execution_control'
activesupport (5.1.4) lib/active_support/lazy_load_hooks.rb:65:in `execute_hook'
activesupport (5.1.4) lib/active_support/lazy_load_hooks.rb:50:in `block in run_load_hooks'
activesupport (5.1.4) lib/active_support/lazy_load_hooks.rb:49:in `each'
activesupport (5.1.4) lib/active_support/lazy_load_hooks.rb:49:in `run_load_hooks'
activerecord (5.1.4) lib/active_record/base.rb:326:in `<module:ActiveRecord>'
activerecord (5.1.4) lib/active_record/base.rb:25:in `<top (required)>'
activesupport (5.1.4) lib/active_support/dependencies.rb:292:in `require'
activesupport (5.1.4) lib/active_support/dependencies.rb:292:in `block in require'
activesupport (5.1.4) lib/active_support/dependencies.rb:258:in `load_dependency'
activesupport (5.1.4) lib/active_support/dependencies.rb:292:in `require'
activerecord (5.1.4) lib/active_record/railties/controller_runtime.rb:40:in `append_info_to_payload'
actionpack (5.1.4) lib/action_controller/metal/instrumentation.rb:36:in `ensure in block in process_action'
actionpack (5.1.4) lib/action_controller/metal/instrumentation.rb:36:in `block in process_action'
activesupport (5.1.4) lib/active_support/notifications.rb:166:in `block in instrument'
activesupport (5.1.4) lib/active_support/notifications/instrumenter.rb:21:in `instrument'
activesupport (5.1.4) lib/active_support/notifications.rb:166:in `instrument'
actionpack (5.1.4) lib/action_controller/metal/instrumentation.rb:30:in `process_action'
actionpack (5.1.4) lib/action_controller/metal/params_wrapper.rb:252:in `process_action'
activerecord (5.1.4) lib/active_record/railties/controller_runtime.rb:22:in `process_action'
actionpack (5.1.4) lib/abstract_controller/base.rb:124:in `process'
actionview (5.1.4) lib/action_view/rendering.rb:30:in `process'
actionpack (5.1.4) lib/action_controller/metal.rb:189:in `dispatch'
actionpack (5.1.4) lib/action_controller/metal.rb:253:in `dispatch'
actionpack (5.1.4) lib/action_dispatch/routing/route_set.rb:49:in `dispatch'
actionpack (5.1.4) lib/action_dispatch/routing/route_set.rb:31:in `serve'
actionpack (5.1.4) lib/action_dispatch/journey/router.rb:50:in `block in serve'
actionpack (5.1.4) lib/action_dispatch/journey/router.rb:33:in `each'
actionpack (5.1.4) lib/action_dispatch/journey/router.rb:33:in `serve'
actionpack (5.1.4) lib/action_dispatch/routing/route_set.rb:834:in `call'
rack (2.0.3) lib/rack/etag.rb:25:in `call'
rack (2.0.3) lib/rack/conditional_get.rb:25:in `call'
rack (2.0.3) lib/rack/head.rb:12:in `call'
rack (2.0.3) lib/rack/session/abstract/id.rb:232:in `context'
rack (2.0.3) lib/rack/session/abstract/id.rb:226:in `call'
actionpack (5.1.4) lib/action_dispatch/middleware/cookies.rb:613:in `call'
activerecord (5.1.4) lib/active_record/migration.rb:556:in `call'
actionpack (5.1.4) lib/action_dispatch/middleware/callbacks.rb:26:in `block in call'
activesupport (5.1.4) lib/active_support/callbacks.rb:97:in `run_callbacks'
actionpack (5.1.4) lib/action_dispatch/middleware/callbacks.rb:24:in `call'
actionpack (5.1.4) lib/action_dispatch/middleware/executor.rb:12:in `call'
actionpack (5.1.4) lib/action_dispatch/middleware/debug_exceptions.rb:59:in `call'
web-console (3.5.1) lib/web_console/middleware.rb:135:in `call_app'
web-console (3.5.1) lib/web_console/middleware.rb:28:in `block in call'
web-console (3.5.1) lib/web_console/middleware.rb:18:in `catch'
web-console (3.5.1) lib/web_console/middleware.rb:18:in `call'
actionpack (5.1.4) lib/action_dispatch/middleware/show_exceptions.rb:31:in `call'
railties (5.1.4) lib/rails/rack/logger.rb:36:in `call_app'
railties (5.1.4) lib/rails/rack/logger.rb:24:in `block in call'
activesupport (5.1.4) lib/active_support/tagged_logging.rb:69:in `block in tagged'
activesupport (5.1.4) lib/active_support/tagged_logging.rb:26:in `tagged'
activesupport (5.1.4) lib/active_support/tagged_logging.rb:69:in `tagged'
railties (5.1.4) lib/rails/rack/logger.rb:24:in `call'
actionpack (5.1.4) lib/action_dispatch/middleware/remote_ip.rb:79:in `call'
actionpack (5.1.4) lib/action_dispatch/middleware/request_id.rb:25:in `call'
rack (2.0.3) lib/rack/method_override.rb:22:in `call'
rack (2.0.3) lib/rack/runtime.rb:22:in `call'
activesupport (5.1.4) lib/active_support/cache/strategy/local_cache_middleware.rb:27:in `call'
actionpack (5.1.4) lib/action_dispatch/middleware/executor.rb:12:in `call'
actionpack (5.1.4) lib/action_dispatch/middleware/static.rb:125:in `call'
rack (2.0.3) lib/rack/sendfile.rb:111:in `call'
railties (5.1.4) lib/rails/engine.rb:522:in `call'
puma (3.10.0) lib/puma/configuration.rb:225:in `call'
puma (3.10.0) lib/puma/server.rb:605:in `handle_request'
puma (3.10.0) lib/puma/server.rb:437:in `process_client'
puma (3.10.0) lib/puma/server.rb:301:in `block in run'
puma (3.10.0) lib/puma/thread_pool.rb:120:in `block in spawn_thread'
Started GET "/" for ::1 at 2017-10-19 12:36:44 +0200
Processing by PagesController#index as HTML
  Rendering pages/index.html.erb within layouts/application
  Rendered pages/partials/_content.html.erb (1.0ms)
  Rendered pages/index.html.erb within layouts/application (4.2ms)
Completed 200 OK in 157ms (Views: 154.3ms)


Started GET "/assets/pages.self-e3b0c44298fc1c149afbf4c8996fb92427ae41e4649b934ca495991b7852b855.css?body=1" for ::1 at 2017-10-19 12:36:45 +0200
Started GET "/assets/application.self-f0d704deea029cf000697e2c0181ec173a1b474645466ed843eb5ee7bb215794.css?body=1" for ::1 at 2017-10-19 12:36:45 +0200
Started GET "/assets/cable.self-8484513823f404ed0c0f039f75243bfdede7af7919dda65f2e66391252443ce9.js?body=1" for ::1 at 2017-10-19 12:36:45 +0200
Started GET "/assets/action_cable.self-69fddfcddf4fdef9828648f9330d6ce108b93b82b0b8d3affffc59a114853451.js?body=1" for ::1 at 2017-10-19 12:36:45 +0200
Started GET "/assets/rails-ujs.self-817d9a8cb641f7125060cb18fefada3f35339170767c4e003105f92d4c204e39.js?body=1" for ::1 at 2017-10-19 12:36:45 +0200
Started GET "/assets/pages.self-877aef30ae1b040ab8a3aba4e3e309a11d7f2612f44dde450b5c157aa5f95c05.js?body=1" for ::1 at 2017-10-19 12:36:45 +0200
Started GET "/assets/application.self-eba3cb53a585a0960ade5a8cb94253892706bb20e3f12097a13463b1f12a4528.js?body=1" for ::1 at 2017-10-19 12:36:45 +0200
Started GET "/assets/turbolinks.self-1d1fddf91adc38ac2045c51f0a3e05ca97d07d24d15a4dcbf705009106489e69.js?body=1" for ::1 at 2017-10-19 12:36:45 +0200
Started GET "/" for ::1 at 2017-10-19 12:43:52 +0200
Processing by PagesController#index as HTML
Completed 500 Internal Server Error in 96ms


  
NoMethodError (undefined method `raise_in_transactional_callbacks=' for ActiveRecord::Base:Class):
  
activerecord (5.1.4) lib/active_record/dynamic_matchers.rb:22:in `method_missing'
activerecord (5.1.4) lib/active_record/railtie.rb:112:in `block (3 levels) in <class:Railtie>'
activerecord (5.1.4) lib/active_record/railtie.rb:111:in `each'
activerecord (5.1.4) lib/active_record/railtie.rb:111:in `block (2 levels) in <class:Railtie>'
activesupport (5.1.4) lib/active_support/lazy_load_hooks.rb:69:in `instance_eval'
activesupport (5.1.4) lib/active_support/lazy_load_hooks.rb:69:in `block in execute_hook'
activesupport (5.1.4) lib/active_support/lazy_load_hooks.rb:60:in `with_execution_control'
activesupport (5.1.4) lib/active_support/lazy_load_hooks.rb:65:in `execute_hook'
activesupport (5.1.4) lib/active_support/lazy_load_hooks.rb:50:in `block in run_load_hooks'
activesupport (5.1.4) lib/active_support/lazy_load_hooks.rb:49:in `each'
activesupport (5.1.4) lib/active_support/lazy_load_hooks.rb:49:in `run_load_hooks'
activerecord (5.1.4) lib/active_record/base.rb:326:in `<module:ActiveRecord>'
activerecord (5.1.4) lib/active_record/base.rb:25:in `<top (required)>'
activesupport (5.1.4) lib/active_support/dependencies.rb:292:in `require'
activesupport (5.1.4) lib/active_support/dependencies.rb:292:in `block in require'
activesupport (5.1.4) lib/active_support/dependencies.rb:258:in `load_dependency'
activesupport (5.1.4) lib/active_support/dependencies.rb:292:in `require'
activerecord (5.1.4) lib/active_record/railties/controller_runtime.rb:40:in `append_info_to_payload'
actionpack (5.1.4) lib/action_controller/metal/instrumentation.rb:36:in `ensure in block in process_action'
actionpack (5.1.4) lib/action_controller/metal/instrumentation.rb:36:in `block in process_action'
activesupport (5.1.4) lib/active_support/notifications.rb:166:in `block in instrument'
activesupport (5.1.4) lib/active_support/notifications/instrumenter.rb:21:in `instrument'
activesupport (5.1.4) lib/active_support/notifications.rb:166:in `instrument'
actionpack (5.1.4) lib/action_controller/metal/instrumentation.rb:30:in `process_action'
actionpack (5.1.4) lib/action_controller/metal/params_wrapper.rb:252:in `process_action'
activerecord (5.1.4) lib/active_record/railties/controller_runtime.rb:22:in `process_action'
actionpack (5.1.4) lib/abstract_controller/base.rb:124:in `process'
actionview (5.1.4) lib/action_view/rendering.rb:30:in `process'
actionpack (5.1.4) lib/action_controller/metal.rb:189:in `dispatch'
actionpack (5.1.4) lib/action_controller/metal.rb:253:in `dispatch'
actionpack (5.1.4) lib/action_dispatch/routing/route_set.rb:49:in `dispatch'
actionpack (5.1.4) lib/action_dispatch/routing/route_set.rb:31:in `serve'
actionpack (5.1.4) lib/action_dispatch/journey/router.rb:50:in `block in serve'
actionpack (5.1.4) lib/action_dispatch/journey/router.rb:33:in `each'
actionpack (5.1.4) lib/action_dispatch/journey/router.rb:33:in `serve'
actionpack (5.1.4) lib/action_dispatch/routing/route_set.rb:834:in `call'
rack (2.0.3) lib/rack/etag.rb:25:in `call'
rack (2.0.3) lib/rack/conditional_get.rb:25:in `call'
rack (2.0.3) lib/rack/head.rb:12:in `call'
rack (2.0.3) lib/rack/session/abstract/id.rb:232:in `context'
rack (2.0.3) lib/rack/session/abstract/id.rb:226:in `call'
actionpack (5.1.4) lib/action_dispatch/middleware/cookies.rb:613:in `call'
activerecord (5.1.4) lib/active_record/migration.rb:556:in `call'
actionpack (5.1.4) lib/action_dispatch/middleware/callbacks.rb:26:in `block in call'
activesupport (5.1.4) lib/active_support/callbacks.rb:97:in `run_callbacks'
actionpack (5.1.4) lib/action_dispatch/middleware/callbacks.rb:24:in `call'
actionpack (5.1.4) lib/action_dispatch/middleware/executor.rb:12:in `call'
actionpack (5.1.4) lib/action_dispatch/middleware/debug_exceptions.rb:59:in `call'
web-console (3.5.1) lib/web_console/middleware.rb:135:in `call_app'
web-console (3.5.1) lib/web_console/middleware.rb:28:in `block in call'
web-console (3.5.1) lib/web_console/middleware.rb:18:in `catch'
web-console (3.5.1) lib/web_console/middleware.rb:18:in `call'
actionpack (5.1.4) lib/action_dispatch/middleware/show_exceptions.rb:31:in `call'
railties (5.1.4) lib/rails/rack/logger.rb:36:in `call_app'
railties (5.1.4) lib/rails/rack/logger.rb:24:in `block in call'
activesupport (5.1.4) lib/active_support/tagged_logging.rb:69:in `block in tagged'
activesupport (5.1.4) lib/active_support/tagged_logging.rb:26:in `tagged'
activesupport (5.1.4) lib/active_support/tagged_logging.rb:69:in `tagged'
railties (5.1.4) lib/rails/rack/logger.rb:24:in `call'
actionpack (5.1.4) lib/action_dispatch/middleware/remote_ip.rb:79:in `call'
actionpack (5.1.4) lib/action_dispatch/middleware/request_id.rb:25:in `call'
rack (2.0.3) lib/rack/method_override.rb:22:in `call'
rack (2.0.3) lib/rack/runtime.rb:22:in `call'
activesupport (5.1.4) lib/active_support/cache/strategy/local_cache_middleware.rb:27:in `call'
actionpack (5.1.4) lib/action_dispatch/middleware/executor.rb:12:in `call'
actionpack (5.1.4) lib/action_dispatch/middleware/static.rb:125:in `call'
rack (2.0.3) lib/rack/sendfile.rb:111:in `call'
railties (5.1.4) lib/rails/engine.rb:522:in `call'
puma (3.10.0) lib/puma/configuration.rb:225:in `call'
puma (3.10.0) lib/puma/server.rb:605:in `handle_request'
puma (3.10.0) lib/puma/server.rb:437:in `process_client'
puma (3.10.0) lib/puma/server.rb:301:in `block in run'
puma (3.10.0) lib/puma/thread_pool.rb:120:in `block in spawn_thread'
Started GET "/" for ::1 at 2017-10-19 12:43:54 +0200
Processing by PagesController#index as HTML
  Rendering pages/index.html.erb within layouts/application
  Rendered pages/partials/_content.html.erb (0.7ms)
  Rendered pages/index.html.erb within layouts/application (2.9ms)
Completed 200 OK in 141ms (Views: 138.8ms)


